<?xml version="1.0" encoding="UTF-8"?>
<!-- Generated by org.testng.reporters.JUnitReportReporter -->
<testsuite hostname="a51a039b9d82581" failures="0" tests="1" name="TestNg" time="15.555" errors="0" timestamp="2023-10-04T20:15:39 IST" skipped="0">
  <testcase classname="TestNg" name="performAmazonShopping" time="15.555"/>
  <system-out/>
</testsuite> <!-- TestNg -->
